t=2016-11-11T10:05:25-0500 lvl=info msg="Request Completed" logger=context userId=0 orgId=0 uname= method=GET path=/api/user/orgs status=401 remote_addr=[::1] time_ns=219ns size=26
t=2016-11-11T10:05:27-0500 lvl=info msg="Request Completed" logger=context userId=0 orgId=0 uname= method=GET path=/api/dashboards/home status=401 remote_addr=[::1] time_ns=2ns size=26
t=2016-11-11T10:10:34-0500 lvl=info msg="Starting Grafana" logger=main version=3.1.1 commit=v3.1.0+19-ga4d2708 compiled=2016-08-01T05:20:16-0500
t=2016-11-11T10:10:34-0500 lvl=info msg="Config loaded from" logger=settings file=C:\\Users\\Daniela\\Documents\\GitHub\\SolarCarData\\grafana-3.1.1/conf/defaults.ini
t=2016-11-11T10:10:34-0500 lvl=info msg="Path Home" logger=settings path=C:\\Users\\Daniela\\Documents\\GitHub\\SolarCarData\\grafana-3.1.1
t=2016-11-11T10:10:34-0500 lvl=info msg="Path Data" logger=settings path=C:\\Users\\Daniela\\Documents\\GitHub\\SolarCarData\\grafana-3.1.1\\data
t=2016-11-11T10:10:34-0500 lvl=info msg="Path Logs" logger=settings path=C:\\Users\\Daniela\\Documents\\GitHub\\SolarCarData\\grafana-3.1.1\\data\\log
t=2016-11-11T10:10:34-0500 lvl=info msg="Path Plugins" logger=settings path=data/plugins
t=2016-11-11T10:10:34-0500 lvl=info msg="Initializing DB" logger=sqlstore dbtype=sqlite3
t=2016-11-11T10:10:34-0500 lvl=info msg="Starting DB migration" logger=migrator
t=2016-11-11T10:10:34-0500 lvl=info msg="Starting plugin search" logger=plugins
t=2016-11-11T10:10:34-0500 lvl=info msg="Server Listening" logger=server address=0.0.0.0:3000 protocol=http subUrl=
t=2016-11-11T10:37:23-0500 lvl=info msg="Request Completed" logger=context userId=2 orgId=2 uname=drendon9 method=GET path=/query status=400 remote_addr=[::1] time_ns=5ns size=103
t=2016-11-11T10:37:24-0500 lvl=info msg="Request Completed" logger=context userId=2 orgId=2 uname=drendon9 method=GET path=/query status=400 remote_addr=[::1] time_ns=8ns size=103
t=2016-11-11T10:37:25-0500 lvl=info msg="Request Completed" logger=context userId=2 orgId=2 uname=drendon9 method=GET path=/query status=400 remote_addr=[::1] time_ns=4ns size=103
t=2016-11-11T10:37:26-0500 lvl=info msg="Request Completed" logger=context userId=2 orgId=2 uname=drendon9 method=GET path=/query status=400 remote_addr=[::1] time_ns=3ns size=103
t=2016-11-11T10:37:27-0500 lvl=info msg="Request Completed" logger=context userId=2 orgId=2 uname=drendon9 method=GET path=/query status=400 remote_addr=[::1] time_ns=3ns size=103
t=2016-11-11T10:37:28-0500 lvl=info msg="Request Completed" logger=context userId=2 orgId=2 uname=drendon9 method=GET path=/query status=400 remote_addr=[::1] time_ns=8ns size=103
t=2016-11-11T10:37:29-0500 lvl=info msg="Request Completed" logger=context userId=2 orgId=2 uname=drendon9 method=GET path=/query status=400 remote_addr=[::1] time_ns=8ns size=103
t=2016-11-11T10:38:03-0500 lvl=info msg="Request Completed" logger=context userId=2 orgId=2 uname=drendon9 method=GET path=/query status=400 remote_addr=[::1] time_ns=7ns size=103
t=2016-11-11T10:38:04-0500 lvl=info msg="Request Completed" logger=context userId=2 orgId=2 uname=drendon9 method=GET path=/query status=400 remote_addr=[::1] time_ns=4ns size=103
t=2016-11-11T10:38:05-0500 lvl=info msg="Request Completed" logger=context userId=2 orgId=2 uname=drendon9 method=GET path=/query status=400 remote_addr=[::1] time_ns=3ns size=103
t=2016-11-11T10:38:06-0500 lvl=info msg="Request Completed" logger=context userId=2 orgId=2 uname=drendon9 method=GET path=/query status=400 remote_addr=[::1] time_ns=8ns size=103
t=2016-11-11T10:38:17-0500 lvl=info msg="Request Completed" logger=context userId=2 orgId=2 uname=drendon9 method=GET path=/query status=400 remote_addr=[::1] time_ns=4ns size=103
t=2016-11-11T10:38:18-0500 lvl=info msg="Request Completed" logger=context userId=2 orgId=2 uname=drendon9 method=GET path=/query status=400 remote_addr=[::1] time_ns=10ns size=103
t=2016-11-11T10:38:19-0500 lvl=info msg="Request Completed" logger=context userId=2 orgId=2 uname=drendon9 method=GET path=/query status=400 remote_addr=[::1] time_ns=4ns size=103
t=2016-11-11T10:38:20-0500 lvl=info msg="Request Completed" logger=context userId=2 orgId=2 uname=drendon9 method=GET path=/query status=400 remote_addr=[::1] time_ns=4ns size=103
t=2016-11-11T10:38:21-0500 lvl=info msg="Request Completed" logger=context userId=2 orgId=2 uname=drendon9 method=GET path=/query status=400 remote_addr=[::1] time_ns=4ns size=103
t=2016-11-11T10:40:40-0500 lvl=info msg="Request Completed" logger=context userId=2 orgId=2 uname=drendon9 method=GET path=/query status=400 remote_addr=[::1] time_ns=8ns size=103
t=2016-11-11T10:40:40-0500 lvl=info msg="Request Completed" logger=context userId=2 orgId=2 uname=drendon9 method=GET path=/query status=400 remote_addr=[::1] time_ns=4ns size=103
t=2016-11-11T10:40:41-0500 lvl=info msg="Request Completed" logger=context userId=2 orgId=2 uname=drendon9 method=GET path=/query status=400 remote_addr=[::1] time_ns=4ns size=103
t=2016-11-11T10:40:42-0500 lvl=info msg="Request Completed" logger=context userId=2 orgId=2 uname=drendon9 method=GET path=/query status=400 remote_addr=[::1] time_ns=5ns size=103
t=2016-11-11T10:45:03-0500 lvl=info msg="Request Completed" logger=context userId=2 orgId=2 uname=drendon9 method=GET path=/query status=400 remote_addr=[::1] time_ns=5ns size=103
t=2016-11-11T10:45:04-0500 lvl=info msg="Request Completed" logger=context userId=2 orgId=2 uname=drendon9 method=GET path=/query status=400 remote_addr=[::1] time_ns=7ns size=103
t=2016-11-11T10:45:05-0500 lvl=info msg="Request Completed" logger=context userId=2 orgId=2 uname=drendon9 method=GET path=/query status=400 remote_addr=[::1] time_ns=4ns size=103
t=2016-11-11T10:45:06-0500 lvl=info msg="Request Completed" logger=context userId=2 orgId=2 uname=drendon9 method=GET path=/query status=400 remote_addr=[::1] time_ns=3ns size=103
t=2016-11-11T10:45:34-0500 lvl=info msg="Request Completed" logger=context userId=2 orgId=2 uname=drendon9 method=GET path=/query status=400 remote_addr=[::1] time_ns=9ns size=103
t=2016-11-11T10:45:35-0500 lvl=info msg="Request Completed" logger=context userId=2 orgId=2 uname=drendon9 method=GET path=/query status=400 remote_addr=[::1] time_ns=4ns size=103
t=2016-11-11T10:45:36-0500 lvl=info msg="Request Completed" logger=context userId=2 orgId=2 uname=drendon9 method=GET path=/query status=400 remote_addr=[::1] time_ns=4ns size=103
t=2016-11-11T10:45:37-0500 lvl=info msg="Request Completed" logger=context userId=2 orgId=2 uname=drendon9 method=GET path=/query status=400 remote_addr=[::1] time_ns=8ns size=103
t=2016-11-11T10:46:02-0500 lvl=info msg="Request Completed" logger=context userId=2 orgId=2 uname=drendon9 method=GET path=/query status=400 remote_addr=[::1] time_ns=9ns size=103
t=2016-11-11T10:46:03-0500 lvl=info msg="Request Completed" logger=context userId=2 orgId=2 uname=drendon9 method=GET path=/query status=400 remote_addr=[::1] time_ns=4ns size=103
t=2016-11-11T10:46:04-0500 lvl=info msg="Request Completed" logger=context userId=2 orgId=2 uname=drendon9 method=GET path=/query status=400 remote_addr=[::1] time_ns=4ns size=103
t=2016-11-11T10:46:22-0500 lvl=info msg="Request Completed" logger=context userId=2 orgId=2 uname=drendon9 method=GET path=/query status=400 remote_addr=[::1] time_ns=5ns size=103
t=2016-11-11T10:46:23-0500 lvl=info msg="Request Completed" logger=context userId=2 orgId=2 uname=drendon9 method=GET path=/query status=400 remote_addr=[::1] time_ns=7ns size=103
t=2016-11-11T10:46:24-0500 lvl=info msg="Request Completed" logger=context userId=2 orgId=2 uname=drendon9 method=GET path=/query status=400 remote_addr=[::1] time_ns=9ns size=103
t=2016-11-11T10:46:42-0500 lvl=info msg="Request Completed" logger=context userId=2 orgId=2 uname=drendon9 method=GET path=/query status=400 remote_addr=[::1] time_ns=5ns size=103
t=2016-11-11T10:46:43-0500 lvl=info msg="Request Completed" logger=context userId=2 orgId=2 uname=drendon9 method=GET path=/query status=400 remote_addr=[::1] time_ns=5ns size=103
t=2016-11-11T10:46:44-0500 lvl=info msg="Request Completed" logger=context userId=2 orgId=2 uname=drendon9 method=GET path=/query status=400 remote_addr=[::1] time_ns=9ns size=103
t=2016-11-11T10:47:02-0500 lvl=info msg="Request Completed" logger=context userId=2 orgId=2 uname=drendon9 method=GET path=/query status=400 remote_addr=[::1] time_ns=5ns size=103
t=2016-11-11T10:47:02-0500 lvl=info msg="Request Completed" logger=context userId=2 orgId=2 uname=drendon9 method=GET path=/query status=400 remote_addr=[::1] time_ns=4ns size=103
t=2016-11-11T10:47:03-0500 lvl=info msg="Request Completed" logger=context userId=2 orgId=2 uname=drendon9 method=GET path=/query status=400 remote_addr=[::1] time_ns=3ns size=103
t=2016-11-11T10:47:04-0500 lvl=info msg="Request Completed" logger=context userId=2 orgId=2 uname=drendon9 method=GET path=/query status=400 remote_addr=[::1] time_ns=3ns size=103
t=2016-11-11T10:47:05-0500 lvl=info msg="Request Completed" logger=context userId=2 orgId=2 uname=drendon9 method=GET path=/query status=400 remote_addr=[::1] time_ns=9ns size=103
t=2016-11-11T10:47:06-0500 lvl=info msg="Request Completed" logger=context userId=2 orgId=2 uname=drendon9 method=GET path=/query status=400 remote_addr=[::1] time_ns=8ns size=103
t=2016-11-11T10:47:21-0500 lvl=info msg="Request Completed" logger=context userId=2 orgId=2 uname=drendon9 method=GET path=/query status=400 remote_addr=[::1] time_ns=4ns size=103
t=2016-11-11T10:47:22-0500 lvl=info msg="Request Completed" logger=context userId=2 orgId=2 uname=drendon9 method=GET path=/query status=400 remote_addr=[::1] time_ns=4ns size=103
t=2016-11-11T10:47:23-0500 lvl=info msg="Request Completed" logger=context userId=2 orgId=2 uname=drendon9 method=GET path=/query status=400 remote_addr=[::1] time_ns=7ns size=103
t=2016-11-11T10:47:24-0500 lvl=info msg="Request Completed" logger=context userId=2 orgId=2 uname=drendon9 method=GET path=/query status=400 remote_addr=[::1] time_ns=3ns size=103
t=2016-11-11T10:47:42-0500 lvl=info msg="Request Completed" logger=context userId=2 orgId=2 uname=drendon9 method=GET path=/query status=400 remote_addr=[::1] time_ns=4ns size=103
t=2016-11-11T10:47:42-0500 lvl=info msg="Request Completed" logger=context userId=2 orgId=2 uname=drendon9 method=GET path=/query status=400 remote_addr=[::1] time_ns=7ns size=103
t=2016-11-11T10:47:43-0500 lvl=info msg="Request Completed" logger=context userId=2 orgId=2 uname=drendon9 method=GET path=/query status=400 remote_addr=[::1] time_ns=4ns size=103
t=2016-11-11T10:47:58-0500 lvl=info msg="Request Completed" logger=context userId=2 orgId=2 uname=drendon9 method=GET path=/query status=400 remote_addr=[::1] time_ns=4ns size=103
t=2016-11-11T10:47:58-0500 lvl=info msg="Request Completed" logger=context userId=2 orgId=2 uname=drendon9 method=GET path=/query status=400 remote_addr=[::1] time_ns=3ns size=103
t=2016-11-11T10:47:59-0500 lvl=info msg="Request Completed" logger=context userId=2 orgId=2 uname=drendon9 method=GET path=/query status=400 remote_addr=[::1] time_ns=7ns size=103
t=2016-11-11T10:48:00-0500 lvl=info msg="Request Completed" logger=context userId=2 orgId=2 uname=drendon9 method=GET path=/query status=400 remote_addr=[::1] time_ns=3ns size=103
t=2016-11-11T10:48:15-0500 lvl=info msg="Request Completed" logger=context userId=2 orgId=2 uname=drendon9 method=GET path=/query status=400 remote_addr=[::1] time_ns=6ns size=103
t=2016-11-11T10:48:16-0500 lvl=info msg="Request Completed" logger=context userId=2 orgId=2 uname=drendon9 method=GET path=/query status=400 remote_addr=[::1] time_ns=3ns size=103
t=2016-11-11T10:48:16-0500 lvl=info msg="Request Completed" logger=context userId=2 orgId=2 uname=drendon9 method=GET path=/query status=400 remote_addr=[::1] time_ns=4ns size=103
t=2016-11-11T10:48:33-0500 lvl=info msg="Request Completed" logger=context userId=2 orgId=2 uname=drendon9 method=GET path=/query status=400 remote_addr=[::1] time_ns=5ns size=103
t=2016-11-11T10:48:34-0500 lvl=info msg="Request Completed" logger=context userId=2 orgId=2 uname=drendon9 method=GET path=/query status=400 remote_addr=[::1] time_ns=3ns size=103
t=2016-11-11T10:48:35-0500 lvl=info msg="Request Completed" logger=context userId=2 orgId=2 uname=drendon9 method=GET path=/query status=400 remote_addr=[::1] time_ns=3ns size=103
t=2016-11-11T10:48:36-0500 lvl=info msg="Request Completed" logger=context userId=2 orgId=2 uname=drendon9 method=GET path=/query status=400 remote_addr=[::1] time_ns=7ns size=103
t=2016-11-11T10:48:53-0500 lvl=info msg="Request Completed" logger=context userId=2 orgId=2 uname=drendon9 method=GET path=/query status=400 remote_addr=[::1] time_ns=4ns size=103
t=2016-11-11T10:48:54-0500 lvl=info msg="Request Completed" logger=context userId=2 orgId=2 uname=drendon9 method=GET path=/query status=400 remote_addr=[::1] time_ns=3ns size=103
t=2016-11-11T10:48:55-0500 lvl=info msg="Request Completed" logger=context userId=2 orgId=2 uname=drendon9 method=GET path=/query status=400 remote_addr=[::1] time_ns=3ns size=103
t=2016-11-11T10:48:56-0500 lvl=info msg="Request Completed" logger=context userId=2 orgId=2 uname=drendon9 method=GET path=/query status=400 remote_addr=[::1] time_ns=10ns size=103
t=2016-11-11T10:49:11-0500 lvl=info msg="Request Completed" logger=context userId=2 orgId=2 uname=drendon9 method=GET path=/query status=400 remote_addr=[::1] time_ns=4ns size=103
t=2016-11-11T10:49:12-0500 lvl=info msg="Request Completed" logger=context userId=2 orgId=2 uname=drendon9 method=GET path=/query status=400 remote_addr=[::1] time_ns=9ns size=103
t=2016-11-11T10:49:13-0500 lvl=info msg="Request Completed" logger=context userId=2 orgId=2 uname=drendon9 method=GET path=/query status=400 remote_addr=[::1] time_ns=4ns size=103
t=2016-11-11T10:49:14-0500 lvl=info msg="Request Completed" logger=context userId=2 orgId=2 uname=drendon9 method=GET path=/query status=400 remote_addr=[::1] time_ns=5ns size=103
t=2016-11-11T10:49:33-0500 lvl=info msg="Request Completed" logger=context userId=2 orgId=2 uname=drendon9 method=GET path=/query status=400 remote_addr=[::1] time_ns=4ns size=103
t=2016-11-11T10:49:34-0500 lvl=info msg="Request Completed" logger=context userId=2 orgId=2 uname=drendon9 method=GET path=/query status=400 remote_addr=[::1] time_ns=9ns size=103
t=2016-11-11T10:49:35-0500 lvl=info msg="Request Completed" logger=context userId=2 orgId=2 uname=drendon9 method=GET path=/query status=400 remote_addr=[::1] time_ns=7ns size=103
t=2016-11-11T10:49:59-0500 lvl=info msg="Request Completed" logger=context userId=2 orgId=2 uname=drendon9 method=GET path=/query status=400 remote_addr=[::1] time_ns=5ns size=103
t=2016-11-11T10:50:00-0500 lvl=info msg="Request Completed" logger=context userId=2 orgId=2 uname=drendon9 method=GET path=/query status=400 remote_addr=[::1] time_ns=9ns size=103
t=2016-11-11T10:50:01-0500 lvl=info msg="Request Completed" logger=context userId=2 orgId=2 uname=drendon9 method=GET path=/query status=400 remote_addr=[::1] time_ns=3ns size=103
t=2016-11-11T10:50:02-0500 lvl=info msg="Request Completed" logger=context userId=2 orgId=2 uname=drendon9 method=GET path=/query status=400 remote_addr=[::1] time_ns=3ns size=103
t=2016-11-11T10:50:21-0500 lvl=info msg="Request Completed" logger=context userId=2 orgId=2 uname=drendon9 method=GET path=/query status=400 remote_addr=[::1] time_ns=5ns size=103
t=2016-11-11T10:50:22-0500 lvl=info msg="Request Completed" logger=context userId=2 orgId=2 uname=drendon9 method=GET path=/query status=400 remote_addr=[::1] time_ns=4ns size=103
t=2016-11-11T10:50:23-0500 lvl=info msg="Request Completed" logger=context userId=2 orgId=2 uname=drendon9 method=GET path=/query status=400 remote_addr=[::1] time_ns=4ns size=103
t=2016-11-11T10:50:46-0500 lvl=info msg="Request Completed" logger=context userId=2 orgId=2 uname=drendon9 method=GET path=/query status=400 remote_addr=[::1] time_ns=10ns size=103
t=2016-11-11T10:50:47-0500 lvl=info msg="Request Completed" logger=context userId=2 orgId=2 uname=drendon9 method=GET path=/query status=400 remote_addr=[::1] time_ns=3ns size=103
t=2016-11-11T10:50:48-0500 lvl=info msg="Request Completed" logger=context userId=2 orgId=2 uname=drendon9 method=GET path=/query status=400 remote_addr=[::1] time_ns=4ns size=103
t=2016-11-11T10:51:06-0500 lvl=info msg="Request Completed" logger=context userId=2 orgId=2 uname=drendon9 method=GET path=/query status=400 remote_addr=[::1] time_ns=5ns size=103
t=2016-11-11T10:51:07-0500 lvl=info msg="Request Completed" logger=context userId=2 orgId=2 uname=drendon9 method=GET path=/query status=400 remote_addr=[::1] time_ns=5ns size=103
t=2016-11-11T10:51:08-0500 lvl=info msg="Request Completed" logger=context userId=2 orgId=2 uname=drendon9 method=GET path=/query status=400 remote_addr=[::1] time_ns=4ns size=103
t=2016-11-11T10:51:09-0500 lvl=info msg="Request Completed" logger=context userId=2 orgId=2 uname=drendon9 method=GET path=/query status=400 remote_addr=[::1] time_ns=9ns size=103
t=2016-11-11T10:51:10-0500 lvl=info msg="Request Completed" logger=context userId=2 orgId=2 uname=drendon9 method=GET path=/query status=400 remote_addr=[::1] time_ns=8ns size=103
t=2016-11-11T10:51:27-0500 lvl=info msg="Request Completed" logger=context userId=2 orgId=2 uname=drendon9 method=GET path=/query status=400 remote_addr=[::1] time_ns=4ns size=103
t=2016-11-11T10:51:27-0500 lvl=info msg="Request Completed" logger=context userId=2 orgId=2 uname=drendon9 method=GET path=/query status=400 remote_addr=[::1] time_ns=5ns size=103
t=2016-11-11T10:51:28-0500 lvl=info msg="Request Completed" logger=context userId=2 orgId=2 uname=drendon9 method=GET path=/query status=400 remote_addr=[::1] time_ns=3ns size=103
t=2016-11-11T10:51:29-0500 lvl=info msg="Request Completed" logger=context userId=2 orgId=2 uname=drendon9 method=GET path=/query status=400 remote_addr=[::1] time_ns=6ns size=103
t=2016-11-11T10:51:30-0500 lvl=info msg="Request Completed" logger=context userId=2 orgId=2 uname=drendon9 method=GET path=/query status=400 remote_addr=[::1] time_ns=4ns size=103
t=2016-11-11T10:51:46-0500 lvl=info msg="Request Completed" logger=context userId=2 orgId=2 uname=drendon9 method=GET path=/query status=400 remote_addr=[::1] time_ns=7ns size=103
t=2016-11-11T10:51:47-0500 lvl=info msg="Request Completed" logger=context userId=2 orgId=2 uname=drendon9 method=GET path=/query status=400 remote_addr=[::1] time_ns=4ns size=103
t=2016-11-11T10:51:48-0500 lvl=info msg="Request Completed" logger=context userId=2 orgId=2 uname=drendon9 method=GET path=/query status=400 remote_addr=[::1] time_ns=4ns size=103
t=2016-11-11T10:51:49-0500 lvl=info msg="Request Completed" logger=context userId=2 orgId=2 uname=drendon9 method=GET path=/query status=400 remote_addr=[::1] time_ns=8ns size=103
t=2016-11-11T10:52:07-0500 lvl=info msg="Request Completed" logger=context userId=2 orgId=2 uname=drendon9 method=GET path=/query status=400 remote_addr=[::1] time_ns=4ns size=103
t=2016-11-11T10:52:07-0500 lvl=info msg="Request Completed" logger=context userId=2 orgId=2 uname=drendon9 method=GET path=/query status=400 remote_addr=[::1] time_ns=3ns size=103
t=2016-11-11T10:52:08-0500 lvl=info msg="Request Completed" logger=context userId=2 orgId=2 uname=drendon9 method=GET path=/query status=400 remote_addr=[::1] time_ns=3ns size=103
t=2016-11-11T10:52:09-0500 lvl=info msg="Request Completed" logger=context userId=2 orgId=2 uname=drendon9 method=GET path=/query status=400 remote_addr=[::1] time_ns=8ns size=103
t=2016-11-11T10:52:10-0500 lvl=info msg="Request Completed" logger=context userId=2 orgId=2 uname=drendon9 method=GET path=/query status=400 remote_addr=[::1] time_ns=7ns size=103
t=2016-11-11T10:56:10-0500 lvl=info msg="Request Completed" logger=context userId=2 orgId=2 uname=drendon9 method=GET path=/query status=400 remote_addr=[::1] time_ns=7ns size=103
t=2016-11-11T10:56:10-0500 lvl=info msg="Request Completed" logger=context userId=2 orgId=2 uname=drendon9 method=GET path=/query status=400 remote_addr=[::1] time_ns=4ns size=103
t=2016-11-11T10:56:11-0500 lvl=info msg="Request Completed" logger=context userId=2 orgId=2 uname=drendon9 method=GET path=/query status=400 remote_addr=[::1] time_ns=3ns size=103
t=2016-11-11T10:56:12-0500 lvl=info msg="Request Completed" logger=context userId=2 orgId=2 uname=drendon9 method=GET path=/query status=400 remote_addr=[::1] time_ns=4ns size=103
t=2016-11-11T10:56:35-0500 lvl=info msg="Request Completed" logger=context userId=2 orgId=2 uname=drendon9 method=GET path=/query status=400 remote_addr=[::1] time_ns=4ns size=103
t=2016-11-11T10:56:36-0500 lvl=info msg="Request Completed" logger=context userId=2 orgId=2 uname=drendon9 method=GET path=/query status=400 remote_addr=[::1] time_ns=4ns size=103
t=2016-11-11T10:56:37-0500 lvl=info msg="Request Completed" logger=context userId=2 orgId=2 uname=drendon9 method=GET path=/query status=400 remote_addr=[::1] time_ns=8ns size=103
t=2016-11-11T10:56:59-0500 lvl=info msg="Request Completed" logger=context userId=2 orgId=2 uname=drendon9 method=GET path=/query status=400 remote_addr=[::1] time_ns=5ns size=103
t=2016-11-11T10:56:59-0500 lvl=info msg="Request Completed" logger=context userId=2 orgId=2 uname=drendon9 method=GET path=/query status=400 remote_addr=[::1] time_ns=9ns size=103
t=2016-11-11T10:57:00-0500 lvl=info msg="Request Completed" logger=context userId=2 orgId=2 uname=drendon9 method=GET path=/query status=400 remote_addr=[::1] time_ns=10ns size=103
t=2016-11-11T10:57:01-0500 lvl=info msg="Request Completed" logger=context userId=2 orgId=2 uname=drendon9 method=GET path=/query status=400 remote_addr=[::1] time_ns=8ns size=103
t=2016-11-11T10:57:20-0500 lvl=info msg="Request Completed" logger=context userId=2 orgId=2 uname=drendon9 method=GET path=/query status=400 remote_addr=[::1] time_ns=5ns size=103
t=2016-11-11T10:57:21-0500 lvl=info msg="Request Completed" logger=context userId=2 orgId=2 uname=drendon9 method=GET path=/query status=400 remote_addr=[::1] time_ns=3ns size=103
t=2016-11-11T10:57:22-0500 lvl=info msg="Request Completed" logger=context userId=2 orgId=2 uname=drendon9 method=GET path=/query status=400 remote_addr=[::1] time_ns=8ns size=103
t=2016-11-11T10:59:56-0500 lvl=info msg="Request Completed" logger=context userId=2 orgId=2 uname=drendon9 method=GET path=/query status=400 remote_addr=[::1] time_ns=5ns size=103
t=2016-11-11T10:59:57-0500 lvl=info msg="Request Completed" logger=context userId=2 orgId=2 uname=drendon9 method=GET path=/query status=400 remote_addr=[::1] time_ns=4ns size=103
t=2016-11-11T10:59:58-0500 lvl=info msg="Request Completed" logger=context userId=2 orgId=2 uname=drendon9 method=GET path=/query status=400 remote_addr=[::1] time_ns=8ns size=103
t=2016-11-11T11:03:05-0500 lvl=info msg="Request Completed" logger=context userId=2 orgId=2 uname=drendon9 method=GET path=/query status=400 remote_addr=[::1] time_ns=4ns size=103
t=2016-11-11T11:03:05-0500 lvl=info msg="Request Completed" logger=context userId=2 orgId=2 uname=drendon9 method=GET path=/query status=400 remote_addr=[::1] time_ns=4ns size=103
t=2016-11-11T11:03:06-0500 lvl=info msg="Request Completed" logger=context userId=2 orgId=2 uname=drendon9 method=GET path=/query status=400 remote_addr=[::1] time_ns=11ns size=103
t=2016-11-11T11:03:07-0500 lvl=info msg="Request Completed" logger=context userId=2 orgId=2 uname=drendon9 method=GET path=/query status=400 remote_addr=[::1] time_ns=3ns size=103
t=2016-11-11T11:05:00-0500 lvl=info msg="Request Completed" logger=context userId=2 orgId=2 uname=drendon9 method=GET path=/query status=400 remote_addr=[::1] time_ns=10ns size=103
t=2016-11-11T11:05:01-0500 lvl=info msg="Request Completed" logger=context userId=2 orgId=2 uname=drendon9 method=GET path=/query status=400 remote_addr=[::1] time_ns=4ns size=103
t=2016-11-11T11:07:14-0500 lvl=info msg="Request Completed" logger=context userId=2 orgId=2 uname=drendon9 method=GET path=/query status=400 remote_addr=[::1] time_ns=5ns size=103
t=2016-11-11T11:07:14-0500 lvl=info msg="Request Completed" logger=context userId=2 orgId=2 uname=drendon9 method=GET path=/query status=400 remote_addr=[::1] time_ns=4ns size=103
t=2016-11-11T11:07:15-0500 lvl=info msg="Request Completed" logger=context userId=2 orgId=2 uname=drendon9 method=GET path=/query status=400 remote_addr=[::1] time_ns=7ns size=103
t=2016-11-11T11:07:16-0500 lvl=info msg="Request Completed" logger=context userId=2 orgId=2 uname=drendon9 method=GET path=/query status=400 remote_addr=[::1] time_ns=9ns size=103
t=2016-11-11T11:12:49-0500 lvl=info msg="Request Completed" logger=context userId=2 orgId=2 uname=drendon9 method=GET path=/img/critical.svg status=404 remote_addr=[::1] time_ns=3ns size=19
t=2016-11-11T11:28:39-0500 lvl=info msg="Request Completed" logger=context userId=2 orgId=2 uname=drendon9 method=GET path=/query status=400 remote_addr=[::1] time_ns=5ns size=103
t=2016-11-11T11:28:39-0500 lvl=info msg="Request Completed" logger=context userId=2 orgId=2 uname=drendon9 method=GET path=/query status=400 remote_addr=[::1] time_ns=3ns size=103
t=2016-11-11T11:28:40-0500 lvl=info msg="Request Completed" logger=context userId=2 orgId=2 uname=drendon9 method=GET path=/query status=400 remote_addr=[::1] time_ns=3ns size=103
t=2016-11-11T11:30:50-0500 lvl=info msg="Request Completed" logger=context userId=2 orgId=2 uname=drendon9 method=GET path=/query status=400 remote_addr=[::1] time_ns=4ns size=103
t=2016-11-11T11:30:51-0500 lvl=info msg="Request Completed" logger=context userId=2 orgId=2 uname=drendon9 method=GET path=/query status=400 remote_addr=[::1] time_ns=10ns size=103
t=2016-11-11T11:30:52-0500 lvl=info msg="Request Completed" logger=context userId=2 orgId=2 uname=drendon9 method=GET path=/query status=400 remote_addr=[::1] time_ns=3ns size=103
t=2016-11-11T12:00:46-0500 lvl=info msg="Request Completed" logger=context userId=2 orgId=2 uname=drendon9 method=GET path=/query status=400 remote_addr=[::1] time_ns=14ns size=103
t=2016-11-11T12:04:28-0500 lvl=info msg="Request Completed" logger=context userId=2 orgId=2 uname=drendon9 method=GET path=/query status=400 remote_addr=[::1] time_ns=6ns size=103
t=2016-11-11T12:07:08-0500 lvl=info msg="Request Completed" logger=context userId=2 orgId=2 uname=drendon9 method=GET path=/query status=400 remote_addr=[::1] time_ns=5ns size=103
t=2016-11-11T12:08:48-0500 lvl=info msg="Request Completed" logger=context userId=2 orgId=2 uname=drendon9 method=GET path=/query status=400 remote_addr=[::1] time_ns=17ns size=103
t=2016-11-11T12:10:27-0500 lvl=info msg="Request Completed" logger=context userId=2 orgId=2 uname=drendon9 method=GET path=/query status=400 remote_addr=[::1] time_ns=4ns size=103
t=2016-11-11T12:12:39-0500 lvl=info msg="Request Completed" logger=context userId=2 orgId=2 uname=drendon9 method=GET path=/query status=400 remote_addr=[::1] time_ns=5ns size=103
t=2016-11-12T12:21:22-0500 lvl=info msg="Starting Grafana" logger=main version=3.1.1 commit=v3.1.0+19-ga4d2708 compiled=2016-08-01T05:20:16-0500
t=2016-11-12T12:21:22-0500 lvl=info msg="Config loaded from" logger=settings file=C:\\Users\\Lenovo\\Documents\\GitHub\\SolarCarData\\grafana-3.1.1/conf/defaults.ini
t=2016-11-12T12:21:22-0500 lvl=info msg="Path Home" logger=settings path=C:\\Users\\Lenovo\\Documents\\GitHub\\SolarCarData\\grafana-3.1.1
t=2016-11-12T12:21:22-0500 lvl=info msg="Path Data" logger=settings path=C:\\Users\\Lenovo\\Documents\\GitHub\\SolarCarData\\grafana-3.1.1\\data
t=2016-11-12T12:21:22-0500 lvl=info msg="Path Logs" logger=settings path=C:\\Users\\Lenovo\\Documents\\GitHub\\SolarCarData\\grafana-3.1.1\\data\\log
t=2016-11-12T12:21:22-0500 lvl=info msg="Path Plugins" logger=settings path=data/plugins
t=2016-11-12T12:21:22-0500 lvl=info msg="Initializing DB" logger=sqlstore dbtype=sqlite3
t=2016-11-12T12:21:22-0500 lvl=info msg="Starting DB migration" logger=migrator
t=2016-11-12T12:21:22-0500 lvl=info msg="Starting plugin search" logger=plugins
t=2016-11-12T12:21:23-0500 lvl=info msg="Server Listening" logger=server address=0.0.0.0:3000 protocol=http subUrl=
t=2016-11-12T12:21:39-0500 lvl=info msg="Request Completed" logger=context userId=0 orgId=0 uname= method=GET path=/ status=302 remote_addr=[::1] time_ns=1.69µs size=29
t=2016-11-12T12:21:41-0500 lvl=info msg="Request Completed" logger=context userId=0 orgId=0 uname= method=GET path=/login status=302 remote_addr=[::1] time_ns=947ns size=24
t=2016-11-12T12:26:39-0500 lvl=info msg="Starting Grafana" logger=main version=3.1.1 commit=v3.1.0+19-ga4d2708 compiled=2016-08-01T05:20:16-0500
t=2016-11-12T12:26:39-0500 lvl=info msg="Config loaded from" logger=settings file=C:\\Users\\Lenovo\\Documents\\GitHub\\SolarCarData\\grafana-3.1.1/conf/defaults.ini
t=2016-11-12T12:26:39-0500 lvl=info msg="Path Home" logger=settings path=C:\\Users\\Lenovo\\Documents\\GitHub\\SolarCarData\\grafana-3.1.1
t=2016-11-12T12:26:39-0500 lvl=info msg="Path Data" logger=settings path=C:\\Users\\Lenovo\\Documents\\GitHub\\SolarCarData\\grafana-3.1.1\\data
t=2016-11-12T12:26:39-0500 lvl=info msg="Path Logs" logger=settings path=C:\\Users\\Lenovo\\Documents\\GitHub\\SolarCarData\\grafana-3.1.1\\data\\log
t=2016-11-12T12:26:39-0500 lvl=info msg="Path Plugins" logger=settings path=data/plugins
t=2016-11-12T12:26:39-0500 lvl=info msg="Initializing DB" logger=sqlstore dbtype=sqlite3
t=2016-11-12T12:26:39-0500 lvl=info msg="Starting DB migration" logger=migrator
t=2016-11-12T12:26:39-0500 lvl=info msg="Starting plugin search" logger=plugins
t=2016-11-12T12:26:39-0500 lvl=info msg="Server Listening" logger=server address=0.0.0.0:3000 protocol=http subUrl=
t=2016-11-12T12:28:18-0500 lvl=info msg="Request Completed" logger=context userId=2 orgId=2 uname=drendon9 method=GET path=/img/critical.svg status=404 remote_addr=[::1] time_ns=70ns size=19
t=2016-11-12T12:36:50-0500 lvl=info msg="Request Completed" logger=context userId=2 orgId=2 uname=drendon9 method=GET path=/img/critical.svg status=404 remote_addr=[::1] time_ns=2ns size=19
